0 info it worked if it ends with ok
1 verbose cli [ 'node',
1 verbose cli   '/usr/local/bin/npm',
1 verbose cli   'install',
1 verbose cli   'angular-cookies@X.Y.Z' ]
2 info using npm@2.11.3
3 info using node@v0.12.7
4 verbose config Skipping project config: /Users/dominiclee/.npmrc. (matches userconfig)
5 verbose install initial load of /Users/dominiclee/package.json
6 verbose installManyTop reading scoped package data from /Users/dominiclee/node_modules/express/package.json
7 verbose installManyTop reading scoped package data from /Users/dominiclee/node_modules/grunt-cli/package.json
8 verbose installManyTop reading scoped package data from /Users/dominiclee/node_modules/gulp/package.json
9 verbose installManyTop reading scoped package data from /Users/dominiclee/node_modules/socket.io/package.json
10 info package.json grunt-cli@0.1.13 No license field.
11 info package.json socket.io@1.3.6 No license field.
12 verbose readDependencies loading dependencies from /Users/dominiclee/package.json
13 silly cache add args [ 'angular-cookies@X.Y.Z', null ]
14 verbose cache add spec angular-cookies@X.Y.Z
15 silly cache add parsed spec { raw: 'angular-cookies@X.Y.Z',
15 silly cache add   scope: null,
15 silly cache add   name: 'angular-cookies',
15 silly cache add   rawSpec: 'X.Y.Z',
15 silly cache add   spec: 'X.Y.Z',
15 silly cache add   type: 'tag' }
16 silly addNamed angular-cookies@X.Y.Z
17 verbose addNamed "X.Y.Z" is being treated as a dist-tag for angular-cookies
18 info addNameTag [ 'angular-cookies', 'X.Y.Z' ]
19 silly mapToRegistry name angular-cookies
20 silly mapToRegistry using default registry
21 silly mapToRegistry registry https://registry.npmjs.org/
22 silly mapToRegistry uri https://registry.npmjs.org/angular-cookies
23 verbose addNameTag registry:https://registry.npmjs.org/angular-cookies not in flight; fetching
24 verbose request uri https://registry.npmjs.org/angular-cookies
25 verbose request no auth needed
26 info attempt registry request try #1 at 9:10:10 AM
27 verbose request id 04954dfe8f242569
28 verbose etag "3C8SE7OCR3W8430IXIJ1XCXRJ"
29 http request GET https://registry.npmjs.org/angular-cookies
30 http 304 https://registry.npmjs.org/angular-cookies
31 silly get cb [ 304,
31 silly get   { date: 'Wed, 17 Aug 2016 14:10:11 GMT',
31 silly get     via: '1.1 varnish',
31 silly get     'cache-control': 'max-age=300',
31 silly get     etag: '"3C8SE7OCR3W8430IXIJ1XCXRJ"',
31 silly get     age: '189',
31 silly get     connection: 'keep-alive',
31 silly get     'x-served-by': 'cache-iad2629-IAD',
31 silly get     'x-cache': 'HIT',
31 silly get     'x-cache-hits': '1',
31 silly get     'x-timer': 'S1471443011.336897,VS0,VE0',
31 silly get     vary: 'Accept-Encoding' } ]
32 verbose etag https://registry.npmjs.org/angular-cookies from cache
33 verbose get saving angular-cookies to /Users/dominiclee/.npm/registry.npmjs.org/angular-cookies/.cache.json
34 silly addNameTag next cb for angular-cookies with tag X.Y.Z
35 verbose stack Error: No compatible version found: angular-cookies@'X.Y.Z'
35 verbose stack Valid install targets:
35 verbose stack ["1.2.20","1.2.0","1.2.1","1.2.2","1.2.3","1.2.4","1.2.5","1.2.6","1.2.7","1.2.8","1.2.9","1.2.10","1.2.11","1.2.12","1.2.13","1.2.14","1.2.15","1.2.16","1.2.17","1.2.18","1.2.19","1.3.0-rc.5","1.3.0","1.3.1","1.3.2","1.3.3","1.3.4-build.3588","1.2.27","1.3.4","1.3.5","1.3.6","1.3.7","1.2.28","1.3.8","1.4.0-beta.0","1.3.9","1.3.10","1.4.0-beta.1","1.4.0-beta.2","1.3.11","1.4.0-beta.3","1.3.12","1.3.13","1.4.0-beta.4","1.3.14","1.4.0-beta.5","1.4.0-beta.6","1.3.15","1.4.0-rc.0","1.4.0-rc.1","1.4.0-rc.2","1.4.0","1.3.16","1.4.1","1.4.2","1.3.17","1.4.3","1.4.4","1.3.18","1.4.5","1.3.19","1.4.6","1.5.0-beta.0","1.2.29","1.3.20","1.4.7","1.5.0-beta.2","1.4.8","1.5.0-rc.0","1.5.0-rc.1","1.4.9","1.5.0-rc.2","1.5.0","1.5.1","1.4.10","1.5.2","1.5.3","1.5.5","1.4.11","1.5.6","1.4.12","1.5.7","1.2.30","1.5.8"]
35 verbose stack
35 verbose stack     at installTargetsError (/usr/local/lib/node_modules/npm/lib/cache/add-named.js:274:12)
35 verbose stack     at next (/usr/local/lib/node_modules/npm/lib/cache/add-named.js:94:10)
35 verbose stack     at RES (/usr/local/lib/node_modules/npm/node_modules/inflight/inflight.js:23:14)
35 verbose stack     at f (/usr/local/lib/node_modules/npm/node_modules/once/once.js:17:25)
35 verbose stack     at fixName (/usr/local/lib/node_modules/npm/lib/cache/add-named.js:29:5)
35 verbose stack     at saved (/usr/local/lib/node_modules/npm/lib/cache/caching-client.js:173:7)
35 verbose stack     at FSReqWrap.oncomplete (fs.js:95:15)
36 verbose cwd /Users/dominiclee/Desktop/webdev/djangoProj/mysite
37 error Darwin 15.4.0
38 error argv "node" "/usr/local/bin/npm" "install" "angular-cookies@X.Y.Z"
39 error node v0.12.7
40 error npm  v2.11.3
41 error code ETARGET
42 error notarget No compatible version found: angular-cookies@'X.Y.Z'
42 error notarget Valid install targets:
42 error notarget ["1.2.20","1.2.0","1.2.1","1.2.2","1.2.3","1.2.4","1.2.5","1.2.6","1.2.7","1.2.8","1.2.9","1.2.10","1.2.11","1.2.12","1.2.13","1.2.14","1.2.15","1.2.16","1.2.17","1.2.18","1.2.19","1.3.0-rc.5","1.3.0","1.3.1","1.3.2","1.3.3","1.3.4-build.3588","1.2.27","1.3.4","1.3.5","1.3.6","1.3.7","1.2.28","1.3.8","1.4.0-beta.0","1.3.9","1.3.10","1.4.0-beta.1","1.4.0-beta.2","1.3.11","1.4.0-beta.3","1.3.12","1.3.13","1.4.0-beta.4","1.3.14","1.4.0-beta.5","1.4.0-beta.6","1.3.15","1.4.0-rc.0","1.4.0-rc.1","1.4.0-rc.2","1.4.0","1.3.16","1.4.1","1.4.2","1.3.17","1.4.3","1.4.4","1.3.18","1.4.5","1.3.19","1.4.6","1.5.0-beta.0","1.2.29","1.3.20","1.4.7","1.5.0-beta.2","1.4.8","1.5.0-rc.0","1.5.0-rc.1","1.4.9","1.5.0-rc.2","1.5.0","1.5.1","1.4.10","1.5.2","1.5.3","1.5.5","1.4.11","1.5.6","1.4.12","1.5.7","1.2.30","1.5.8"]
42 error notarget
42 error notarget This is most likely not a problem with npm itself.
42 error notarget In most cases you or one of your dependencies are requesting
42 error notarget a package version that doesn't exist.
43 verbose exit [ 1, true ]
